[2025-05-05 12:10:42] [INFO] Пока всё хорошо
[2025-05-05 12:11:07] [INFO] Пользователь alex зарегестрировался в систему
[2025-05-05 12:11:12] [INFO] Пока всё хорошо
[2025-05-05 12:17:36] [ERROR] Пользователь alex вышел из системы
[2025-05-05 12:17:36] [INFO] Пока всё хорошо
[2025-05-05 15:41:22] [INFO] Пользователь bob зарегестрировался в систему
[2025-05-05 15:42:05] [INFO] Пока всё хорошо
[2025-05-05 15:42:17] [ERROR] Пользователь bob вышел из системы
[2025-05-05 15:42:17] [INFO] Пока всё хорошо
[2025-05-05 15:42:30] [INFO] Пользователь bob зарегестрировался в систему
[2025-05-05 15:42:40] [INFO] Пока всё хорошо
[2025-05-05 15:42:41] [ERROR] Пользователь bob вышел из системы
[2025-05-05 15:42:41] [INFO] Пока всё хорошо
[2025-05-05 15:47:54] [INFO] Пользователь bob зарегестрировался в систему
[2025-05-05 15:47:55] [INFO] Пока всё хорошо
[2025-05-05 15:55:59] [ERROR] Пользователь bob вышел из системы
[2025-05-05 15:55:59] [INFO] Пока всё хорошо
[2025-05-05 15:56:12] [INFO] Пользователь  вошёл в систему
[2025-05-05 15:56:13] [INFO] Пока всё хорошо
[2025-05-05 15:56:41] [ERROR] Пользователь  вышел из системы
[2025-05-05 15:56:41] [INFO] Пока всё хорошо
[2025-05-05 15:56:49] [INFO] Пользователь  вошёл в систему
[2025-05-05 15:56:52] [INFO] Пока всё хорошо
[2025-05-05 15:59:16] [INFO] Пока всё хорошо
[2025-05-05 16:00:57] [ERROR] Пользователь bob вышел из системы
[2025-05-05 16:00:57] [INFO] Пока всё хорошо
[2025-05-05 16:02:19] [INFO] Пока всё хорошо
[2025-05-05 16:02:51] [INFO] Пока всё хорошо
[2025-05-05 16:04:02] [ERROR] Неудачная попытка входа пользователя bob
[2025-05-05 16:04:09] [INFO] Пользователь  вошёл в систему
[2025-05-05 16:04:13] [INFO] Пока всё хорошо
[2025-05-05 16:12:02] [INFO] Пока всё хорошо
[2025-05-05 16:12:05] [INFO] Пока всё хорошо
[2025-05-05 16:12:07] [INFO] Пока всё хорошо
[2025-05-05 16:12:07] [INFO] Пока всё хорошо
[2025-05-05 16:12:08] [INFO] Пока всё хорошо
[2025-05-05 16:12:13] [INFO] Пока всё хорошо
[2025-05-05 16:38:21] [INFO] Пока всё хорошо
[2025-05-05 16:38:23] [INFO] Пока всё хорошо
[2025-05-05 16:42:34] [INFO] Пока всё хорошо
[2025-05-05 16:42:37] [INFO] Пока всё хорошо
[2025-05-05 16:42:58] [INFO] Пока всё хорошо
[2025-05-05 16:43:49] [INFO] Пока всё хорошо
[2025-05-05 16:48:27] [INFO] Пока всё хорошо
[2025-05-05 16:51:22] [INFO] Пока всё хорошо
[2025-05-05 16:52:07] [INFO] Пока всё хорошо
[2025-05-05 16:52:15] [INFO] Пока всё хорошо
[2025-05-05 16:52:39] [INFO] Пока всё хорошо
[2025-05-05 16:52:44] [INFO] Пока всё хорошо
[2025-05-05 16:56:41] [INFO] Пока всё хорошо
[2025-05-05 16:56:49] [INFO] Пока всё хорошо
[2025-05-05 16:57:17] [INFO] Пока всё хорошо
[2025-05-05 16:57:44] [INFO] Пока всё хорошо
[2025-05-05 16:58:54] [INFO] Пока всё хорошо
[2025-05-05 16:59:04] [INFO] Пока всё хорошо
[2025-05-05 16:59:11] [INFO] Пока всё хорошо
[2025-05-05 17:05:03] [INFO] Пока всё хорошо
[2025-05-05 17:05:05] [INFO] Пока всё хорошо
[2025-05-05 17:06:17] [INFO] Пока всё хорошо
[2025-05-05 17:06:17] [INFO] Пока всё хорошо
[2025-05-05 17:06:18] [INFO] Пока всё хорошо
[2025-05-05 17:06:18] [INFO] Пока всё хорошо
[2025-05-05 17:06:19] [INFO] Пока всё хорошо
[2025-05-05 17:06:19] [INFO] Пока всё хорошо
[2025-05-05 17:07:12] [INFO] Пока всё хорошо
[2025-05-05 17:07:13] [INFO] Пока всё хорошо
[2025-05-05 17:07:15] [INFO] Пока всё хорошо
[2025-05-05 17:07:17] [INFO] Пока всё хорошо
[2025-05-06 16:55:52] [INFO] Пока всё хорошо
[2025-05-06 18:21:38] [INFO] Пользователь  вошёл в систему
[2025-05-06 18:34:33] [INFO] Пока всё хорошо
[2025-05-06 19:46:07] [INFO] Пока всё хорошо
[2025-05-06 19:46:17] [INFO] Пользователь  вошёл в систему
[2025-05-06 19:49:17] [INFO] Пока всё хорошо
[2025-05-06 20:46:27] [INFO] Пользователь bob успешно создал пост с ID 11
[2025-05-07 05:28:31] [INFO] Пока всё хорошо
[2025-05-07 05:40:40] [ERROR] Неудачная попытка входа пользователя bob
[2025-05-07 05:40:50] [INFO] Пользователь bob вошёл в систему
[2025-05-07 05:43:02] [INFO] Пользователь bob вошёл в систему
[2025-05-07 05:43:06] [INFO] Пока всё хорошо
[2025-05-07 05:43:08] [INFO] Пока всё хорошо
[2025-05-07 05:43:09] [INFO] Пока всё хорошо
[2025-05-07 05:43:09] [INFO] Пока всё хорошо
[2025-05-07 05:43:09] [INFO] Пока всё хорошо
[2025-05-07 05:43:10] [INFO] Пока всё хорошо
[2025-05-07 05:43:10] [INFO] Пока всё хорошо
[2025-05-07 05:43:40] [INFO] Пока всё хорошо
[2025-05-07 05:43:41] [INFO] Пока всё хорошо
[2025-05-07 05:43:41] [INFO] Пока всё хорошо
[2025-05-07 05:43:42] [INFO] Пока всё хорошо
[2025-05-07 05:43:43] [INFO] Пока всё хорошо
[2025-05-07 05:43:43] [INFO] Пока всё хорошо
[2025-05-07 05:43:44] [INFO] Пока всё хорошо
[2025-05-07 05:43:44] [INFO] Пока всё хорошо
[2025-05-07 05:43:44] [INFO] Пока всё хорошо
[2025-05-07 05:43:44] [INFO] Пока всё хорошо
[2025-05-07 05:43:45] [INFO] Пока всё хорошо
[2025-05-07 05:43:45] [INFO] Пока всё хорошо
[2025-05-07 05:43:45] [INFO] Пока всё хорошо
[2025-05-07 07:09:58] [INFO] Пользователь bob успешно создал пост с ID 12
[2025-05-07 07:36:41] [INFO] Пользователь bob успешно удалил пост 7
[2025-05-07 07:38:57] [INFO] Пока всё хорошо
[2025-05-07 07:39:34] [INFO] Пока всё хорошо
[2025-05-07 07:54:54] [INFO] Пока всё хорошо
[2025-05-07 07:57:37] [INFO] Пока всё хорошо
[2025-05-07 07:57:53] [INFO] Пока всё хорошо
[2025-05-07 08:00:14] [INFO] Пока всё хорошо
[2025-05-07 08:00:47] [INFO] Пока всё хорошо
[2025-05-07 08:01:01] [INFO] Пока всё хорошо
[2025-05-07 08:01:37] [INFO] Пока всё хорошо
[2025-05-07 08:01:44] [INFO] Пока всё хорошо
[2025-05-07 08:01:48] [INFO] Пока всё хорошо
[2025-05-07 08:02:10] [INFO] Пока всё хорошо
[2025-05-07 08:02:15] [INFO] Пока всё хорошо
[2025-05-07 08:04:21] [INFO] Пока всё хорошо
[2025-05-07 08:04:50] [INFO] Пока всё хорошо
[2025-05-07 08:05:01] [INFO] Пока всё хорошо
[2025-05-07 08:05:22] [INFO] Пока всё хорошо
[2025-05-07 08:06:33] [INFO] Пока всё хорошо
[2025-05-07 08:06:43] [INFO] Пока всё хорошо
[2025-05-07 08:07:10] [INFO] Пока всё хорошо
[2025-05-07 08:08:07] [INFO] Пока всё хорошо
[2025-05-07 08:08:40] [INFO] Пока всё хорошо
[2025-05-07 08:08:41] [INFO] Пока всё хорошо
[2025-05-07 08:09:29] [INFO] Пока всё хорошо
[2025-05-07 08:10:45] [INFO] Пока всё хорошо
[2025-05-07 08:11:27] [INFO] Пока всё хорошо
[2025-05-07 08:11:28] [INFO] Пока всё хорошо
[2025-05-07 08:11:50] [INFO] Пока всё хорошо
[2025-05-07 08:11:51] [INFO] Пока всё хорошо
[2025-05-07 08:12:23] [INFO] Пока всё хорошо
[2025-05-07 08:12:24] [INFO] Пока всё хорошо
[2025-05-07 08:12:52] [INFO] Пока всё хорошо
[2025-05-07 08:13:45] [INFO] Пока всё хорошо
[2025-05-07 08:13:46] [INFO] Пока всё хорошо
[2025-05-07 08:13:46] [INFO] Пока всё хорошо
[2025-05-07 08:13:46] [INFO] Пока всё хорошо
[2025-05-07 08:13:47] [INFO] Пока всё хорошо
[2025-05-07 08:14:06] [INFO] Пока всё хорошо
[2025-05-07 08:14:12] [INFO] Пока всё хорошо
[2025-05-07 08:15:35] [INFO] Пока всё хорошо
[2025-05-07 08:15:55] [INFO] Пока всё хорошо
[2025-05-07 08:16:41] [INFO] Пока всё хорошо
[2025-05-07 08:16:48] [INFO] Пока всё хорошо
[2025-05-07 08:19:56] [INFO] Пока всё хорошо
[2025-05-07 08:20:22] [INFO] Пока всё хорошо
[2025-05-07 08:20:43] [INFO] Пока всё хорошо
[2025-05-07 08:21:29] [INFO] Пока всё хорошо
[2025-05-07 08:21:41] [INFO] Пока всё хорошо
[2025-05-07 08:23:07] [INFO] Пока всё хорошо
[2025-05-07 08:23:12] [INFO] Пока всё хорошо
[2025-05-07 08:30:48] [INFO] Пока всё хорошо
[2025-05-07 08:31:40] [INFO] Пока всё хорошо
[2025-05-07 08:32:19] [INFO] Пока всё хорошо
[2025-05-07 08:32:27] [INFO] Пока всё хорошо
[2025-05-07 08:32:35] [INFO] Пока всё хорошо
[2025-05-07 08:32:49] [INFO] Пока всё хорошо
[2025-05-07 08:33:57] [INFO] Пока всё хорошо
[2025-05-07 08:34:04] [INFO] Пока всё хорошо
[2025-05-07 08:34:09] [INFO] Пользователь bob успешно удалил пост 12
[2025-05-07 08:34:11] [INFO] Пользователь bob успешно удалил пост 11
[2025-05-07 08:34:13] [INFO] Пока всё хорошо
